  main.cpp
C:\Users\Jannis\Documents\Studium\Semester 7\Computergrafik\Uebung2\Uebung2\main.cpp(106,23): warning C4244: "Argument": Konvertierung von "int" in "GLfloat", möglicher Datenverlust
C:\Users\Jannis\Documents\Studium\Semester 7\Computergrafik\Uebung2\Uebung2\main.cpp(106,18): warning C4244: "Argument": Konvertierung von "int" in "GLfloat", möglicher Datenverlust
C:\Users\Jannis\Documents\Studium\Semester 7\Computergrafik\Uebung2\Uebung2\main.cpp(106,13): warning C4244: "Argument": Konvertierung von "int" in "GLfloat", möglicher Datenverlust
C:\Users\Jannis\Documents\Studium\Semester 7\Computergrafik\Uebung2\Uebung2\main.cpp(122,22): warning C4244: "=": Konvertierung von "double" in "T", möglicher Datenverlust
          with
          [
              T=float
          ]
C:\Users\Jannis\Documents\Studium\Semester 7\Computergrafik\Uebung2\Uebung2\main.cpp(123,19): warning C4244: "=": Konvertierung von "double" in "T", möglicher Datenverlust
          with
          [
              T=float
          ]
C:\Users\Jannis\Documents\Studium\Semester 7\Computergrafik\Uebung2\Uebung2\main.cpp(124,22): warning C4244: "=": Konvertierung von "double" in "T", möglicher Datenverlust
          with
          [
              T=float
          ]
C:\Users\Jannis\Documents\Studium\Semester 7\Computergrafik\Uebung2\Uebung2\main.cpp(125,22): warning C4244: "=": Konvertierung von "double" in "T", möglicher Datenverlust
          with
          [
              T=float
          ]
C:\Users\Jannis\Documents\Studium\Semester 7\Computergrafik\Uebung2\Uebung2\main.cpp(148,22): warning C4244: "=": Konvertierung von "double" in "T", möglicher Datenverlust
          with
          [
              T=float
          ]
C:\Users\Jannis\Documents\Studium\Semester 7\Computergrafik\Uebung2\Uebung2\main.cpp(149,19): warning C4244: "=": Konvertierung von "double" in "T", möglicher Datenverlust
          with
          [
              T=float
          ]
C:\Users\Jannis\Documents\Studium\Semester 7\Computergrafik\Uebung2\Uebung2\main.cpp(150,22): warning C4244: "=": Konvertierung von "double" in "T", möglicher Datenverlust
          with
          [
              T=float
          ]
C:\Users\Jannis\Documents\Studium\Semester 7\Computergrafik\Uebung2\Uebung2\main.cpp(151,22): warning C4244: "=": Konvertierung von "double" in "T", möglicher Datenverlust
          with
          [
              T=float
          ]
C:\Users\Jannis\Documents\Studium\Semester 7\Computergrafik\Uebung2\Uebung2\main.cpp(157,27): warning C4244: "=": Konvertierung von "int" in "T", möglicher Datenverlust
          with
          [
              T=float
          ]
C:\Users\Jannis\Documents\Studium\Semester 7\Computergrafik\Uebung2\Uebung2\main.cpp(159,27): warning C4244: "=": Konvertierung von "int" in "T", möglicher Datenverlust
          with
          [
              T=float
          ]
C:\Users\Jannis\Documents\Studium\Semester 7\Computergrafik\Uebung2\Uebung2\main.cpp(164,23): warning C4244: "=": Konvertierung von "int" in "T", möglicher Datenverlust
          with
          [
              T=float
          ]
C:\Users\Jannis\Documents\Studium\Semester 7\Computergrafik\Uebung2\Uebung2\main.cpp(165,23): warning C4244: "=": Konvertierung von "int" in "T", möglicher Datenverlust
          with
          [
              T=float
          ]
C:\Users\Jannis\Documents\Studium\Semester 7\Computergrafik\Uebung2\Uebung2\main.cpp(249,44): warning C4244: "Argument": Konvertierung von "float" in "int", möglicher Datenverlust
C:\Users\Jannis\Documents\Studium\Semester 7\Computergrafik\Uebung2\Uebung2\main.cpp(249,21): warning C4244: "Argument": Konvertierung von "float" in "int", möglicher Datenverlust
C:\Users\Jannis\Documents\Studium\Semester 7\Computergrafik\Uebung2\Uebung2\main.cpp(256,42): warning C4244: "Argument": Konvertierung von "float" in "int", möglicher Datenverlust
C:\Users\Jannis\Documents\Studium\Semester 7\Computergrafik\Uebung2\Uebung2\main.cpp(256,20): warning C4244: "Argument": Konvertierung von "float" in "int", möglicher Datenverlust
C:\Users\Jannis\Documents\Studium\Semester 7\Computergrafik\Uebung2\Uebung2\main.cpp(262,46): warning C4244: "Argument": Konvertierung von "float" in "int", möglicher Datenverlust
C:\Users\Jannis\Documents\Studium\Semester 7\Computergrafik\Uebung2\Uebung2\main.cpp(262,22): warning C4244: "Argument": Konvertierung von "float" in "int", möglicher Datenverlust
C:\Users\Jannis\Documents\Studium\Semester 7\Computergrafik\Uebung2\Uebung2\main.cpp(269,44): warning C4244: "Argument": Konvertierung von "float" in "int", möglicher Datenverlust
C:\Users\Jannis\Documents\Studium\Semester 7\Computergrafik\Uebung2\Uebung2\main.cpp(269,21): warning C4244: "Argument": Konvertierung von "float" in "int", möglicher Datenverlust
C:\Program Files\Microsoft Visual Studio\2022\Community\VC\Tools\MSVC\14.37.32822\include\tuple(640,76): warning C4244: "=": Konvertierung von "_Ty" in "_Ty", möglicher Datenverlust
          with
          [
              _Ty=int
          ]
          and
          [
              _Ty=float
          ]
C:\Users\Jannis\Documents\Studium\Semester 7\Computergrafik\Uebung2\Uebung2\main.cpp(92,9): message : Siehe Verweis auf die gerade kompilierte Instanziierung "std::tuple<float,float> &std::tuple<float,float>::operator =<int,int,0>(std::tuple<int,int> &&) noexcept" der Funktions-Vorlage.
C:\Users\Jannis\Documents\Studium\Semester 7\Computergrafik\Uebung2\Uebung2\main.cpp(92,9): message : Ersten Verweis auf "std::tuple<float,float>::operator =" in "init" anzeigen
  main.obj : MSIL-Modulgefunden; inkrementelles Verknüpfen wird für MSIL deaktiviert; vollständiger Link wird durchgeführt
  Uebung2.vcxproj -> C:\Users\Jannis\Documents\Studium\Semester 7\Computergrafik\Uebung2\x64\Debug\Uebung2.exe
